; Top Design: "Project_lib:Project:schematic"
; Netlisted using Hierarchy Policy: "Standard"

Options ResourceUsage=yes UseNutmegFormat=no EnableOptim=no TopDesignName="Project_lib:Project:schematic" DcopOutputNodeVoltages=yes DcopOutputPinCurrents=yes DcopOutputAllSweepPoints=no DcopOutputDcopType=0
S_Param:SP1 CalcS=yes CalcY=no CalcZ=no GroupDelayAperture=1e-4 FreqConversion=no FreqConversionPort=1 StatusLevel=2 CalcNoise=no SortNoise=0 BandwidthForNoise=1.0 Hz DevOpPtLevel=0 SPSS_WSP=yes \
SweepVar="freq" SweepPlan="SP1_stim" OutputPlan="SP1_Output" 

SweepPlan: SP1_stim Start=1.0 GHz Stop=3 GHz Step=0.1 GHz 

OutputPlan:SP1_Output \
      Type="Output" \
      UseEquationNestLevel=yes \
      EquationNestLevel=2 \
      UseSavedEquationNestLevel=yes \
      SavedEquationNestLevel=2

#load "python","LinearCollapse"
Component Module="LinearCollapse" Type="ModelExtractor" NetworkRepresentation=2
MLIN2:TL1  N__11 N__7 Subst="MSub1" W=459.13 um L=5 mm Wall1=1.0E+30 um Wall2=1.0E+30 um Mod=1 
R:R1  N__6 N__8 R=100 Ohm Noise=yes 
MLIN2:TL4  N__6 N__2 Subst="MSub1" W=459.13 um L=5 mm Wall1=1.0E+30 um Wall2=1.0E+30 um Mod=1 
MLIN2:TL3  N__7 N__8 Subst="MSub1" W=232.108 um L=21.09 mm Wall1=1.0E+30 um Wall2=1.0E+30 um Mod=1 
Port:TermG3  N__1 0 Num=3 Z=50 Ohm Noise=yes 
MLIN2:TL2  N__7 N__6 Subst="MSub1" W=232.108 um L=21.09 mm Wall1=1.0E+30 um Wall2=1.0E+30 um Mod=1 
model MSub1 MSUB H=10.0 mil Er=4.6 Mur=1 Cond=5.8e7 Hu=1e+36 um T=17 um TanD=0.02 Rough=0 um DielectricLossModel=1 FreqForEpsrTanD=1.0 GHz LowFreqForTanD=1.0 kHz HighFreqForTanD=1.0 THz RoughnessModel=2 
MLIN2:TL5  N__8 N__1 Subst="MSub1" W=459.13 um L=5 mm Wall1=1.0E+30 um Wall2=1.0E+30 um Mod=1 
Port:TermG1  N__11 0 Num=1 Z=50 Ohm Noise=yes 
Port:TermG2  N__2 0 Num=2 Z=50 Ohm Noise=yes 
